<!--   
----------------------------------------------------------------------
-->

<template>
  <div class="list">
    <div class="contents">

      <div class="title">
        <span>{{ title }}</span>
      </div>
      <div class="data" v-for="data of parsed">
        <span>{{ data.method }}</span>
        <span>{{ data.summary }}</span>
      </div>
    </div>
  </div>
</template>

<!--   
----------------------------------------------------------------------
-->


<script>
export default {
  name: "List.vue",
  props: ['title', 'parsed'],
}

</script>
